app/build/outputs/logs/manifest-merger-debug-report.txt
-- Merging decision tree log ---
manifest
ADDED from src\main\AndroidManifest.xml:2:1-52:12
INJECTED from src\main\AndroidManifest.xml:2:1-52:12
INJECTED from src\main\AndroidManifest.xml:2:1-52:12
INJECTED from src\main\AndroidManifest.xml:2:1-52:12
MERGED from [com.android.support:support-v4:22.2.1] AndroidManifest.xml:17:1-24:12
INJECTED from src\main\AndroidManifest.xml:2:1-52:12
INJECTED from src\main\AndroidManifest.xml:2:1-52:12
INJECTED from src\main\AndroidManifest.xml:2:1-52:12
	package
		ADDED from src\main\AndroidManifest.xml:3:5-41
		INJECTED from src\main\AndroidManifest.xml
		INJECTED from src\main\AndroidManifest.xml
	android:versionName
		ADDED from src\main\AndroidManifest.xml:5:5-30
		INJECTED from src\main\AndroidManifest.xml
		INJECTED from src\main\AndroidManifest.xml
	xmlns:android
		ADDED from src\main\AndroidManifest.xml:2:11-69
	android:versionCode
		ADDED from src\main\AndroidManifest.xml:4:5-28
		INJECTED from src\main\AndroidManifest.xml
		INJECTED from src\main\AndroidManifest.xml
uses-permission#android.permission.SYSTEM_ALERT_WINDOW
ADDED from src\main\AndroidManifest.xml:7:5-78
	android:name
		ADDED from src\main\AndroidManifest.xml:7:22-75
uses-permission#android.permission.WRITE_SETTINGS
ADDED from src\main\AndroidManifest.xml:8:5-73
	android:name
		ADDED from src\main\AndroidManifest.xml:8:22-70
uses-sdk
ADDED from src\main\AndroidManifest.xml:10:5-12:41
INJECTED from src\main\AndroidManifest.xml:10:5-12:41
INJECTED from src\main\AndroidManifest.xml:10:5-12:41
MERGED from [com.android.support:support-v4:22.2.1] AndroidManifest.xml:20:5-43
MERGED from [com.android.support:support-v4:22.2.1] AndroidManifest.xml:20:5-43
INJECTED from src\main\AndroidManifest.xml:10:5-12:41
INJECTED from src\main\AndroidManifest.xml:10:5-12:41
	android:targetSdkVersion
		ADDED from src\main\AndroidManifest.xml:12:9-38
		INJECTED from src\main\AndroidManifest.xml
		INJECTED from src\main\AndroidManifest.xml
	android:minSdkVersion
		ADDED from src\main\AndroidManifest.xml:11:9-35
		INJECTED from src\main\AndroidManifest.xml
		INJECTED from src\main\AndroidManifest.xml
application
ADDED from src\main\AndroidManifest.xml:14:5-50:19
MERGED from [com.android.support:support-v4:22.2.1] AndroidManifest.xml:22:5-20
MERGED from [com.android.support:support-v4:22.2.1] AndroidManifest.xml:22:5-20
	android:label
		ADDED from src\main\AndroidManifest.xml:19:9-41
	android:hardwareAccelerated
		ADDED from src\main\AndroidManifest.xml:17:9-43
	android:icon
		ADDED from src\main\AndroidManifest.xml:18:9-45
	android:allowBackup
		ADDED from src\main\AndroidManifest.xml:16:9-35
	android:theme
		ADDED from src\main\AndroidManifest.xml:20:9-40
	android:name
		ADDED from src\main\AndroidManifest.xml:15:9-38
activity#com.softsz.pt1easylauncher.LoginActivity
ADDED from src\main\AndroidManifest.xml:21:9-36:20
	android:screenOrientation
		ADDED from src\main\AndroidManifest.xml:27:13-49
	android:enabled
		ADDED from src\main\AndroidManifest.xml:24:13-35
	android:clearTaskOnLaunch
		ADDED from src\main\AndroidManifest.xml:23:13-45
	android:stateNotNeeded
		ADDED from src\main\AndroidManifest.xml:28:13-42
	android:label
		ADDED from src\main\AndroidManifest.xml:25:13-45
	android:launchMode
		ADDED from src\main\AndroidManifest.xml:26:13-44
	android:windowSoftInputMode
		ADDED from src\main\AndroidManifest.xml:29:13-52
	android:name
		ADDED from src\main\AndroidManifest.xml:22:13-42
intent-filter#action:name:android.intent.action.MAIN+category:name:android.intent.category.DEFAULT+category:name:android.intent.category.HOME
ADDED from src\main\AndroidManifest.xml:30:13-35:29
action#android.intent.action.MAIN
ADDED from src\main\AndroidManifest.xml:31:17-69
	android:name
		ADDED from src\main\AndroidManifest.xml:31:25-66
category#android.intent.category.HOME
ADDED from src\main\AndroidManifest.xml:33:17-73
	android:name
		ADDED from src\main\AndroidManifest.xml:33:27-70
category#android.intent.category.DEFAULT
ADDED from src\main\AndroidManifest.xml:34:17-76
	android:name
		ADDED from src\main\AndroidManifest.xml:34:27-73
activity#com.softsz.pt1easylauncher.EasyLauncher
ADDED from src\main\AndroidManifest.xml:38:9-39:38
	android:exported
		ADDED from src\main\AndroidManifest.xml:39:13-36
	android:name
		ADDED from src\main\AndroidManifest.xml:38:19-47
receiver#com.softsz.pt1easylauncher.AppPackageChangedReceiver
ADDED from src\main\AndroidManifest.xml:41:9-49:20
	android:name
		ADDED from src\main\AndroidManifest.xml:41:19-60
intent-filter#action:name:android.intent.action.PACKAGE_ADDED+action:name:android.intent.action.PACKAGE_REMOVED+action:name:android.intent.action.PACKAGE_REPLACED+data:scheme:package
ADDED from src\main\AndroidManifest.xml:42:13-48:29
action#android.intent.action.PACKAGE_ADDED
ADDED from src\main\AndroidManifest.xml:43:17-78
	android:name
		ADDED from src\main\AndroidManifest.xml:43:25-75
action#android.intent.action.PACKAGE_REPLACED
ADDED from src\main\AndroidManifest.xml:44:17-81
	android:name
		ADDED from src\main\AndroidManifest.xml:44:25-78
action#android.intent.action.PACKAGE_REMOVED
ADDED from src\main\AndroidManifest.xml:45:17-80
	android:name
		ADDED from src\main\AndroidManifest.xml:45:25-77
data
ADDED from src\main\AndroidManifest.xml:47:17-50
	android:scheme
		ADDED from src\main\AndroidManifest.xml:47:23-47